<?xml version="1.0" encoding="UTF-8"?>
<!-- Generated by org.testng.reporters.JUnitXMLReporter -->
<testsuite ignored="0" hostname="DESKTOP-O6MNE66" failures="4" tests="6" name="Test" time="48.944" errors="0" timestamp="2021-09-08T11:13:17 IST">
  <testcase classname="testcase.EditLead" name="runEdit" time="0.0">
    <failure type="org.testng.TestNGException" message="
Method public void testcase.EditLead.runEdit(java.lang.String,java.lang.String) throws java.lang.InterruptedException requires a @DataProvider named : sentData">
      <![CDATA[org.testng.TestNGException: 
Method public void testcase.EditLead.runEdit(java.lang.String,java.lang.String) throws java.lang.InterruptedException requires a @DataProvider named : sentData
at java.base/java.util.ArrayList.forEach(ArrayList.java:1511)
... Removed 24 stack frames]]>
    </failure>
  </testcase> <!-- runEdit -->
  <testcase classname="testcase.DeleteLead" name="runDelete" time="0.0">
    <failure type="org.testng.TestNGException" message="
Method public void testcase.DeleteLead.runDelete(java.lang.String) throws java.lang.InterruptedException requires a @DataProvider named : sentData">
      <![CDATA[org.testng.TestNGException: 
Method public void testcase.DeleteLead.runDelete(java.lang.String) throws java.lang.InterruptedException requires a @DataProvider named : sentData
at java.base/java.util.ArrayList.forEach(ArrayList.java:1511)
... Removed 24 stack frames]]>
    </failure>
  </testcase> <!-- runDelete -->
  <testcase classname="testcase.CreateLead" name="runCreate" time="4.813"/>
  <testcase classname="testcase.CreateLead" name="runCreate" time="4.392"/>
  <testcase classname="testcase.MergeLead" name="runCreate" time="0.0">
    <failure type="org.testng.TestNGException" message="
Method public void testcase.MergeLead.runCreate(java.lang.String) throws java.lang.InterruptedException requires a @DataProvider named : sentData">
      <![CDATA[org.testng.TestNGException: 
Method public void testcase.MergeLead.runCreate(java.lang.String) throws java.lang.InterruptedException requires a @DataProvider named : sentData
at java.base/java.util.ArrayList.forEach(ArrayList.java:1511)
... Removed 24 stack frames]]>
    </failure>
  </testcase> <!-- runCreate -->
  <testcase classname="testcase.DuplicateLead" name="runDuplicate" time="0.0">
    <failure type="org.testng.TestNGException" message="
Method public void testcase.DuplicateLead.runDuplicate(java.lang.String) throws java.lang.InterruptedException requires a @DataProvider named : sentData">
      <![CDATA[org.testng.TestNGException: 
Method public void testcase.DuplicateLead.runDuplicate(java.lang.String) throws java.lang.InterruptedException requires a @DataProvider named : sentData
at java.base/java.util.ArrayList.forEach(ArrayList.java:1511)
... Removed 24 stack frames]]>
    </failure>
  </testcase> <!-- runDuplicate -->
</testsuite> <!-- Test -->
